<?xml version="1.0" encoding="UTF-8"?>
<!-- Generated by org.testng.reporters.JUnitXMLReporter -->
<testsuite hostname="LAPTOP-DCKRGTH9" failures="0" tests="4" name="Test" time="0.019" errors="0" timestamp="25 Jul 2021 20:39:59 GMT">
  <testcase classname="qaclickacademy.SeleniumTest" name="BrowserAutomation" time="0.005"/>
  <testcase classname="qaclickacademy.SeleniumTest" name="ElementsUI" time="0.0"/>
  <testcase classname="qaclickacademy.RESTAPITest" name="deleteTwitter" time="0.001"/>
  <testcase classname="qaclickacademy.RESTAPITest" name="postJira" time="0.001"/>
</testsuite> <!-- Test -->
