<?xml version="1.0" encoding="UTF-8"?>
<testng-results total="4" passed="4" failed="0" skipped="0">
  <reporter-output>
  </reporter-output>
  <suite started-at="2021-07-25T20:39:59Z" name="Suite" finished-at="2021-07-25T20:39:59Z" duration-ms="19">
    <groups>
    </groups>
    <test started-at="2021-07-25T20:39:59Z" name="Test" finished-at="2021-07-25T20:39:59Z" duration-ms="19">
      <class name="qaclickacademy.RESTAPITest">
        <test-method signature="deleteTwitter()[pri:0, instance:qaclickacademy.RESTAPITest@2663e964]" started-at="2021-07-26T02:09:59Z" name="deleteTwitter" finished-at="2021-07-26T02:09:59Z" duration-ms="1" status="PASS">
          <reporter-output>
          </reporter-output>
        </test-method> <!-- deleteTwitter -->
        <test-method signature="postJira()[pri:0, instance:qaclickacademy.RESTAPITest@2663e964]" started-at="2021-07-26T02:09:59Z" name="postJira" finished-at="2021-07-26T02:09:59Z" duration-ms="1" status="PASS">
          <reporter-output>
          </reporter-output>
        </test-method> <!-- postJira -->
      </class> <!-- qaclickacademy.RESTAPITest -->
      <class name="qaclickacademy.SeleniumTest">
        <test-method signature="BrowserAutomation()[pri:0, instance:qaclickacademy.SeleniumTest@205d38da]" started-at="2021-07-26T02:09:59Z" name="BrowserAutomation" finished-at="2021-07-26T02:09:59Z" duration-ms="5" status="PASS">
          <reporter-output>
          </reporter-output>
        </test-method> <!-- BrowserAutomation -->
        <test-method signature="ElementsUI()[pri:0, instance:qaclickacademy.SeleniumTest@205d38da]" started-at="2021-07-26T02:09:59Z" name="ElementsUI" finished-at="2021-07-26T02:09:59Z" duration-ms="0" status="PASS">
          <reporter-output>
          </reporter-output>
        </test-method> <!-- ElementsUI -->
      </class> <!-- qaclickacademy.SeleniumTest -->
    </test> <!-- Test -->
  </suite> <!-- Suite -->
</testng-results>
